<?xml version="1.0" encoding="UTF-8"?>
<!-- Generated by org.testng.reporters.JUnitXMLReporter -->
<testsuite ignored="0" hostname="DESKTOP-33TILLP" failures="0" tests="2" name="Default test" time="10.884" errors="0" timestamp="26 Jan 2024 13:18:43 GMT">
  <testcase classname="com.employeeapi.testcases.TC05_Delete_Employee_Record" name="responsebodycheck" time="0.02"/>
  <testcase classname="com.employeeapi.testcases.TC05_Delete_Employee_Record" name="statuscodecheck" time="0.0"/>
</testsuite> <!-- Default test -->
