<?xml version="1.0" encoding="UTF-8"?>
<!-- Generated by org.testng.reporters.JUnitXMLReporter -->
<testsuite ignored="0" hostname="DESKTOP-33TILLP" failures="0" tests="18" name="Test" time="32.844" errors="0" timestamp="28 Jan 2024 09:24:17 GMT">
  <testcase classname="com.employeeapi.testcases.TC01_GetAllEmployees" name="contenttypecheck" time="0.021"/>
  <testcase classname="com.employeeapi.testcases.TC01_GetAllEmployees" name="responsebodycheck" time="0.036"/>
  <testcase classname="com.employeeapi.testcases.TC01_GetAllEmployees" name="statuscodecheck" time="0.007"/>
  <testcase classname="com.employeeapi.testcases.TC01_GetAllEmployees" name="statuslinecheck" time="0.007"/>
  <testcase classname="com.employeeapi.testcases.TC02_Get_Single_Employees_Record" name="contenttypecheck" time="0.008"/>
  <testcase classname="com.employeeapi.testcases.TC02_Get_Single_Employees_Record" name="responsebodycheck" time="0.009"/>
  <testcase classname="com.employeeapi.testcases.TC02_Get_Single_Employees_Record" name="statuscodecheck" time="0.005"/>
  <testcase classname="com.employeeapi.testcases.TC02_Get_Single_Employees_Record" name="statuslinecheck" time="0.004"/>
  <testcase classname="com.employeeapi.testcases.TC03_PostNewEmployee" name="contenttypecheck" time="0.006"/>
  <testcase classname="com.employeeapi.testcases.TC03_PostNewEmployee" name="responsebodycheck" time="0.008"/>
  <testcase classname="com.employeeapi.testcases.TC03_PostNewEmployee" name="statuscodecheck" time="0.009"/>
  <testcase classname="com.employeeapi.testcases.TC03_PostNewEmployee" name="statuslinecheck" time="0.009"/>
  <testcase classname="com.employeeapi.testcases.TC04_Put_Employee" name="contenttypecheck" time="0.005"/>
  <testcase classname="com.employeeapi.testcases.TC04_Put_Employee" name="responsebodycheck" time="0.006"/>
  <testcase classname="com.employeeapi.testcases.TC04_Put_Employee" name="statuscodecheck" time="0.01"/>
  <testcase classname="com.employeeapi.testcases.TC04_Put_Employee" name="statuslinecheck" time="0.006"/>
  <testcase classname="com.employeeapi.testcases.TC05_Delete_Employee_Record" name="responsebodycheck" time="0.005"/>
  <testcase classname="com.employeeapi.testcases.TC05_Delete_Employee_Record" name="statuscodecheck" time="0.005"/>
</testsuite> <!-- Test -->
