<?xml version="1.0" encoding="UTF-8"?>
<!-- Generated by org.testng.reporters.JUnitXMLReporter -->
<testsuite ignored="0" hostname="DESKTOP-33TILLP" failures="4" tests="18" name="Test" time="57.972" errors="0" timestamp="26 Jan 2024 14:09:49 GMT">
  <testcase classname="com.employeeapi.testcases.TC01_GetAllEmployees" name="contenttypecheck" time="0.021"/>
  <testcase classname="com.employeeapi.testcases.TC01_GetAllEmployees" name="responsebodycheck" time="0.031"/>
  <testcase classname="com.employeeapi.testcases.TC01_GetAllEmployees" name="statuscodecheck" time="0.0"/>
  <testcase classname="com.employeeapi.testcases.TC01_GetAllEmployees" name="statuslinecheck" time="0.015"/>
  <testcase classname="com.employeeapi.testcases.TC02_Get_Single_Employees_Record" name="contenttypecheck" time="0.008"/>
  <testcase classname="com.employeeapi.testcases.TC02_Get_Single_Employees_Record" name="responsebodycheck" time="0.016"/>
  <testcase classname="com.employeeapi.testcases.TC02_Get_Single_Employees_Record" name="statuscodecheck" time="0.0"/>
  <testcase classname="com.employeeapi.testcases.TC02_Get_Single_Employees_Record" name="statuslinecheck" time="0.0"/>
  <testcase classname="com.employeeapi.testcases.TC03_PostNewEmployee" name="contenttypecheck" time="0.005"/>
  <testcase classname="com.employeeapi.testcases.TC03_PostNewEmployee" name="responsebodycheck" time="0.0"/>
  <testcase classname="com.employeeapi.testcases.TC03_PostNewEmployee" name="statuscodecheck" time="0.016"/>
  <testcase classname="com.employeeapi.testcases.TC03_PostNewEmployee" name="statuslinecheck" time="0.0"/>
  <testcase classname="com.employeeapi.testcases.TC04_Put_Employee" name="contenttypecheck" time="0.007">
    <failure type="java.lang.AssertionError" message="expected [application/json] but found [text/html; charset=utf-8]">
      <![CDATA[java.lang.AssertionError: expected [application/json] but found [text/html; charset=utf-8]at com.employeeapi.base.TestBase.checkContentType(TestBase.java:74)at com.employeeapi.testcases.TC04_Put_Employee.contenttypecheck(TC04_Put_Employee.java:58)... Removed 31 stack frames]]>
    </failure>
  </testcase> <!-- contenttypecheck -->
  <testcase classname="com.employeeapi.testcases.TC04_Put_Employee" name="responsebodycheck" time="0.015"/>
  <testcase classname="com.employeeapi.testcases.TC04_Put_Employee" name="statuscodecheck" time="0.016">
    <failure type="java.lang.AssertionError" message="expected [200] but found [520]">
      <![CDATA[java.lang.AssertionError: expected [200] but found [520]at com.employeeapi.base.TestBase.checkstatuscode(TestBase.java:55)at com.employeeapi.testcases.TC04_Put_Employee.statuscodecheck(TC04_Put_Employee.java:46)... Removed 31 stack frames]]>
    </failure>
  </testcase> <!-- statuscodecheck -->
  <testcase classname="com.employeeapi.testcases.TC04_Put_Employee" name="statuslinecheck" time="0.0">
    <failure type="java.lang.AssertionError" message="expected [HTTP/1.1 200 OK] but found [HTTP/1.1 520 status code 520]">
      <![CDATA[java.lang.AssertionError: expected [HTTP/1.1 200 OK] but found [HTTP/1.1 520 status code 520]at com.employeeapi.base.TestBase.checkstatusline(TestBase.java:65)at com.employeeapi.testcases.TC04_Put_Employee.statuslinecheck(TC04_Put_Employee.java:52)... Removed 31 stack frames]]>
    </failure>
  </testcase> <!-- statuslinecheck -->
  <testcase classname="com.employeeapi.testcases.TC05_Delete_Employee_Record" name="responsebodycheck" time="0.007">
    <failure type="java.lang.AssertionError" message="expected [true] but found [false]">
      <![CDATA[java.lang.AssertionError: expected [true] but found [false]at com.employeeapi.testcases.TC05_Delete_Employee_Record.responsebodycheck(TC05_Delete_Employee_Record.java:41)... Removed 31 stack frames]]>
    </failure>
  </testcase> <!-- responsebodycheck -->
  <testcase classname="com.employeeapi.testcases.TC05_Delete_Employee_Record" name="statuscodecheck" time="0.0"/>
</testsuite> <!-- Test -->
