<?xml version="1.0" encoding="UTF-8"?>
<testng-results ignored="0" total="18" passed="18" failed="0" skipped="0">
  <reporter-output>
  </reporter-output>
  <suite started-at="2024-01-28T09:23:44Z" name="Suite" finished-at="2024-01-28T09:24:17Z" duration-ms="32844">
    <groups>
    </groups>
    <test started-at="2024-01-28T09:23:44Z" name="Test" finished-at="2024-01-28T09:24:17Z" duration-ms="32844">
      <class name="com.employeeapi.testcases.TC04_Put_Employee">
        <test-method is-config="true" signature="setup()[pri:0, instance:com.employeeapi.testcases.TC04_Put_Employee@7530ad9c]" started-at="2024-01-28T14:54:04Z" name="setup" finished-at="2024-01-28T14:54:04Z" duration-ms="4" status="PASS">
          <reporter-output>
          </reporter-output>
        </test-method> <!-- setup -->
        <test-method is-config="true" signature="postNewEmployee()[pri:0, instance:com.employeeapi.testcases.TC04_Put_Employee@7530ad9c]" started-at="2024-01-28T14:54:04Z" name="postNewEmployee" finished-at="2024-01-28T14:54:10Z" duration-ms="5943" status="PASS">
          <reporter-output>
          </reporter-output>
        </test-method> <!-- postNewEmployee -->
        <test-method signature="contenttypecheck()[pri:0, instance:com.employeeapi.testcases.TC04_Put_Employee@7530ad9c]" started-at="2024-01-28T14:54:10Z" name="contenttypecheck" finished-at="2024-01-28T14:54:10Z" duration-ms="5" status="PASS">
          <reporter-output>
          </reporter-output>
        </test-method> <!-- contenttypecheck -->
        <test-method signature="responsebodycheck()[pri:0, instance:com.employeeapi.testcases.TC04_Put_Employee@7530ad9c]" started-at="2024-01-28T14:54:10Z" name="responsebodycheck" finished-at="2024-01-28T14:54:10Z" duration-ms="6" status="PASS">
          <reporter-output>
          </reporter-output>
        </test-method> <!-- responsebodycheck -->
        <test-method signature="statuscodecheck()[pri:0, instance:com.employeeapi.testcases.TC04_Put_Employee@7530ad9c]" started-at="2024-01-28T14:54:10Z" name="statuscodecheck" finished-at="2024-01-28T14:54:10Z" duration-ms="10" status="PASS">
          <reporter-output>
          </reporter-output>
        </test-method> <!-- statuscodecheck -->
        <test-method signature="statuslinecheck()[pri:0, instance:com.employeeapi.testcases.TC04_Put_Employee@7530ad9c]" started-at="2024-01-28T14:54:10Z" name="statuslinecheck" finished-at="2024-01-28T14:54:10Z" duration-ms="6" status="PASS">
          <reporter-output>
          </reporter-output>
        </test-method> <!-- statuslinecheck -->
        <test-method is-config="true" signature="tearDown()[pri:0, instance:com.employeeapi.testcases.TC04_Put_Employee@7530ad9c]" started-at="2024-01-28T14:54:10Z" name="tearDown" finished-at="2024-01-28T14:54:10Z" duration-ms="5" status="PASS">
          <reporter-output>
          </reporter-output>
        </test-method> <!-- tearDown -->
      </class> <!-- com.employeeapi.testcases.TC04_Put_Employee -->
      <class name="com.employeeapi.testcases.TC03_PostNewEmployee">
        <test-method is-config="true" signature="setup()[pri:0, instance:com.employeeapi.testcases.TC03_PostNewEmployee@4e50c791]" started-at="2024-01-28T14:53:58Z" name="setup" finished-at="2024-01-28T14:53:58Z" duration-ms="2" status="PASS">
          <reporter-output>
          </reporter-output>
        </test-method> <!-- setup -->
        <test-method is-config="true" signature="postNewEmployee()[pri:0, instance:com.employeeapi.testcases.TC03_PostNewEmployee@4e50c791]" started-at="2024-01-28T14:53:58Z" name="postNewEmployee" finished-at="2024-01-28T14:54:04Z" duration-ms="5906" status="PASS">
          <reporter-output>
          </reporter-output>
        </test-method> <!-- postNewEmployee -->
        <test-method signature="contenttypecheck()[pri:0, instance:com.employeeapi.testcases.TC03_PostNewEmployee@4e50c791]" started-at="2024-01-28T14:54:04Z" name="contenttypecheck" finished-at="2024-01-28T14:54:04Z" duration-ms="6" status="PASS">
          <reporter-output>
          </reporter-output>
        </test-method> <!-- contenttypecheck -->
        <test-method signature="responsebodycheck()[pri:0, instance:com.employeeapi.testcases.TC03_PostNewEmployee@4e50c791]" started-at="2024-01-28T14:54:04Z" name="responsebodycheck" finished-at="2024-01-28T14:54:04Z" duration-ms="8" status="PASS">
          <reporter-output>
          </reporter-output>
        </test-method> <!-- responsebodycheck -->
        <test-method signature="statuscodecheck()[pri:0, instance:com.employeeapi.testcases.TC03_PostNewEmployee@4e50c791]" started-at="2024-01-28T14:54:04Z" name="statuscodecheck" finished-at="2024-01-28T14:54:04Z" duration-ms="9" status="PASS">
          <reporter-output>
          </reporter-output>
        </test-method> <!-- statuscodecheck -->
        <test-method signature="statuslinecheck()[pri:0, instance:com.employeeapi.testcases.TC03_PostNewEmployee@4e50c791]" started-at="2024-01-28T14:54:04Z" name="statuslinecheck" finished-at="2024-01-28T14:54:04Z" duration-ms="9" status="PASS">
          <reporter-output>
          </reporter-output>
        </test-method> <!-- statuslinecheck -->
        <test-method is-config="true" signature="tearDown()[pri:0, instance:com.employeeapi.testcases.TC03_PostNewEmployee@4e50c791]" started-at="2024-01-28T14:54:04Z" name="tearDown" finished-at="2024-01-28T14:54:04Z" duration-ms="0" status="PASS">
          <reporter-output>
          </reporter-output>
        </test-method> <!-- tearDown -->
      </class> <!-- com.employeeapi.testcases.TC03_PostNewEmployee -->
      <class name="com.employeeapi.testcases.TC01_GetAllEmployees">
        <test-method is-config="true" signature="setup()[pri:0, instance:com.employeeapi.testcases.TC01_GetAllEmployees@5fbe4146]" started-at="2024-01-28T14:53:44Z" name="setup" finished-at="2024-01-28T14:53:45Z" duration-ms="1032" status="PASS">
          <reporter-output>
          </reporter-output>
        </test-method> <!-- setup -->
        <test-method is-config="true" signature="getAllEmployess()[pri:0, instance:com.employeeapi.testcases.TC01_GetAllEmployees@5fbe4146]" started-at="2024-01-28T14:53:45Z" name="getAllEmployess" finished-at="2024-01-28T14:53:53Z" duration-ms="7347" status="PASS">
          <reporter-output>
          </reporter-output>
        </test-method> <!-- getAllEmployess -->
        <test-method signature="contenttypecheck()[pri:0, instance:com.employeeapi.testcases.TC01_GetAllEmployees@5fbe4146]" started-at="2024-01-28T14:53:53Z" name="contenttypecheck" finished-at="2024-01-28T14:53:53Z" duration-ms="21" status="PASS">
          <reporter-output>
          </reporter-output>
        </test-method> <!-- contenttypecheck -->
        <test-method signature="responsebodycheck()[pri:0, instance:com.employeeapi.testcases.TC01_GetAllEmployees@5fbe4146]" started-at="2024-01-28T14:53:53Z" name="responsebodycheck" finished-at="2024-01-28T14:53:53Z" duration-ms="36" status="PASS">
          <reporter-output>
          </reporter-output>
        </test-method> <!-- responsebodycheck -->
        <test-method signature="statuscodecheck()[pri:0, instance:com.employeeapi.testcases.TC01_GetAllEmployees@5fbe4146]" started-at="2024-01-28T14:53:53Z" name="statuscodecheck" finished-at="2024-01-28T14:53:53Z" duration-ms="7" status="PASS">
          <reporter-output>
          </reporter-output>
        </test-method> <!-- statuscodecheck -->
        <test-method signature="statuslinecheck()[pri:0, instance:com.employeeapi.testcases.TC01_GetAllEmployees@5fbe4146]" started-at="2024-01-28T14:53:53Z" name="statuslinecheck" finished-at="2024-01-28T14:53:53Z" duration-ms="7" status="PASS">
          <reporter-output>
          </reporter-output>
        </test-method> <!-- statuslinecheck -->
        <test-method is-config="true" signature="tearDown()[pri:0, instance:com.employeeapi.testcases.TC01_GetAllEmployees@5fbe4146]" started-at="2024-01-28T14:53:53Z" name="tearDown" finished-at="2024-01-28T14:53:53Z" duration-ms="2" status="PASS">
          <reporter-output>
          </reporter-output>
        </test-method> <!-- tearDown -->
      </class> <!-- com.employeeapi.testcases.TC01_GetAllEmployees -->
      <class name="com.employeeapi.testcases.TC02_Get_Single_Employees_Record">
        <test-method is-config="true" signature="setup()[pri:0, instance:com.employeeapi.testcases.TC02_Get_Single_Employees_Record@1e66f1f5]" started-at="2024-01-28T14:53:53Z" name="setup" finished-at="2024-01-28T14:53:53Z" duration-ms="4" status="PASS">
          <reporter-output>
          </reporter-output>
        </test-method> <!-- setup -->
        <test-method is-config="true" signature="getAllEmployess()[pri:0, instance:com.employeeapi.testcases.TC02_Get_Single_Employees_Record@1e66f1f5]" started-at="2024-01-28T14:53:53Z" name="getAllEmployess" finished-at="2024-01-28T14:53:58Z" duration-ms="5124" status="PASS">
          <reporter-output>
          </reporter-output>
        </test-method> <!-- getAllEmployess -->
        <test-method signature="contenttypecheck()[pri:0, instance:com.employeeapi.testcases.TC02_Get_Single_Employees_Record@1e66f1f5]" started-at="2024-01-28T14:53:58Z" name="contenttypecheck" finished-at="2024-01-28T14:53:58Z" duration-ms="8" status="PASS">
          <reporter-output>
          </reporter-output>
        </test-method> <!-- contenttypecheck -->
        <test-method signature="responsebodycheck()[pri:0, instance:com.employeeapi.testcases.TC02_Get_Single_Employees_Record@1e66f1f5]" started-at="2024-01-28T14:53:58Z" name="responsebodycheck" finished-at="2024-01-28T14:53:58Z" duration-ms="9" status="PASS">
          <reporter-output>
          </reporter-output>
        </test-method> <!-- responsebodycheck -->
        <test-method signature="statuscodecheck()[pri:0, instance:com.employeeapi.testcases.TC02_Get_Single_Employees_Record@1e66f1f5]" started-at="2024-01-28T14:53:58Z" name="statuscodecheck" finished-at="2024-01-28T14:53:58Z" duration-ms="5" status="PASS">
          <reporter-output>
          </reporter-output>
        </test-method> <!-- statuscodecheck -->
        <test-method signature="statuslinecheck()[pri:0, instance:com.employeeapi.testcases.TC02_Get_Single_Employees_Record@1e66f1f5]" started-at="2024-01-28T14:53:58Z" name="statuslinecheck" finished-at="2024-01-28T14:53:58Z" duration-ms="4" status="PASS">
          <reporter-output>
          </reporter-output>
        </test-method> <!-- statuslinecheck -->
        <test-method is-config="true" signature="tearDown()[pri:0, instance:com.employeeapi.testcases.TC02_Get_Single_Employees_Record@1e66f1f5]" started-at="2024-01-28T14:53:58Z" name="tearDown" finished-at="2024-01-28T14:53:58Z" duration-ms="3" status="PASS">
          <reporter-output>
          </reporter-output>
        </test-method> <!-- tearDown -->
      </class> <!-- com.employeeapi.testcases.TC02_Get_Single_Employees_Record -->
      <class name="com.employeeapi.testcases.TC05_Delete_Employee_Record">
        <test-method is-config="true" signature="setup()[pri:0, instance:com.employeeapi.testcases.TC05_Delete_Employee_Record@58a9760d]" started-at="2024-01-28T14:54:10Z" name="setup" finished-at="2024-01-28T14:54:10Z" duration-ms="3" status="PASS">
          <reporter-output>
          </reporter-output>
        </test-method> <!-- setup -->
        <test-method is-config="true" signature="deleteEmployee()[pri:0, instance:com.employeeapi.testcases.TC05_Delete_Employee_Record@58a9760d]" started-at="2024-01-28T14:54:10Z" name="deleteEmployee" finished-at="2024-01-28T14:54:17Z" duration-ms="7193" status="PASS">
          <reporter-output>
          </reporter-output>
        </test-method> <!-- deleteEmployee -->
        <test-method signature="responsebodycheck()[pri:0, instance:com.employeeapi.testcases.TC05_Delete_Employee_Record@58a9760d]" started-at="2024-01-28T14:54:17Z" name="responsebodycheck" finished-at="2024-01-28T14:54:17Z" duration-ms="5" status="PASS">
          <reporter-output>
          </reporter-output>
        </test-method> <!-- responsebodycheck -->
        <test-method signature="statuscodecheck()[pri:0, instance:com.employeeapi.testcases.TC05_Delete_Employee_Record@58a9760d]" started-at="2024-01-28T14:54:17Z" name="statuscodecheck" finished-at="2024-01-28T14:54:17Z" duration-ms="5" status="PASS">
          <reporter-output>
          </reporter-output>
        </test-method> <!-- statuscodecheck -->
        <test-method is-config="true" signature="tearDown()[pri:0, instance:com.employeeapi.testcases.TC05_Delete_Employee_Record@58a9760d]" started-at="2024-01-28T14:54:17Z" name="tearDown" finished-at="2024-01-28T14:54:17Z" duration-ms="2" status="PASS">
          <reporter-output>
          </reporter-output>
        </test-method> <!-- tearDown -->
      </class> <!-- com.employeeapi.testcases.TC05_Delete_Employee_Record -->
    </test> <!-- Test -->
  </suite> <!-- Suite -->
</testng-results>
